<?xml version="1.0" encoding="UTF-8"?>
<testng-results skipped="0" failed="0" total="1" passed="1">
  <reporter-output>
  </reporter-output>
  <suite name="Default suite" duration-ms="1348" started-at="2020-04-28T06:54:44Z" finished-at="2020-04-28T06:54:45Z">
    <groups>
    </groups>
    <test name="Default test" duration-ms="1348" started-at="2020-04-28T06:54:44Z" finished-at="2020-04-28T06:54:45Z">
      <class name="com.qa.tests.GetAPITest">
        <test-method status="PASS" signature="getURL()[pri:0, instance:com.qa.tests.GetAPITest@2669b199]" name="getURL" is-config="true" duration-ms="14" started-at="2020-04-27T23:54:44Z" finished-at="2020-04-27T23:54:44Z">
          <reporter-output>
          </reporter-output>
        </test-method> <!-- getURL -->
        <test-method status="PASS" signature="getTest()[pri:0, instance:com.qa.tests.GetAPITest@2669b199]" name="getTest" duration-ms="1310" started-at="2020-04-27T23:54:44Z" finished-at="2020-04-27T23:54:45Z">
          <reporter-output>
          </reporter-output>
        </test-method> <!-- getTest -->
      </class> <!-- com.qa.tests.GetAPITest -->
    </test> <!-- Default test -->
  </suite> <!-- Default suite -->
</testng-results>
